-- Found ament_cmake_auto: 1.3.6 (/opt/ros/humble/share/ament_cmake_auto/cmake)
-- Found rclcpp: 16.0.7 (/opt/ros/humble/share/rclcpp/cmake)
-- Found rosidl_generator_c: 3.1.5 (/opt/ros/humble/share/rosidl_generator_c/cmake)
-- Found rosidl_adapter: 3.1.5 (/opt/ros/humble/share/rosidl_adapter/cmake)
-- Found rosidl_generator_cpp: 3.1.5 (/opt/ros/humble/share/rosidl_generator_cpp/cmake)
-- Using all available rosidl_typesupport_c: rosidl_typesupport_fastrtps_c;rosidl_typesupport_introspection_c
-- Using all available rosidl_typesupport_cpp: rosidl_typesupport_fastrtps_cpp;rosidl_typesupport_introspection_cpp
-- Found rmw_implementation_cmake: 6.1.1 (/opt/ros/humble/share/rmw_implementation_cmake/cmake)
-- Found rmw_fastrtps_cpp: 6.2.5 (/opt/ros/humble/share/rmw_fastrtps_cpp/cmake)
-- Using RMW implementation 'rmw_fastrtps_cpp' as default
-- Found sensor_msgs: 4.2.3 (/opt/ros/humble/share/sensor_msgs/cmake)
-- Found vision_msgs: 4.1.0 (/opt/ros/humble/share/vision_msgs/cmake)
-- Found cv_bridge: 3.2.1 (/opt/ros/humble/share/cv_bridge/cmake)
-- Loading isaac_ros_common extras
-- CMAKE_BUILD_TYPE: Release
-- Loading isaac_ros_common extras (modules)
-- Found eigen3_cmake_module: 0.1.1 (/opt/ros/humble/share/eigen3_cmake_module/cmake)
-- Ensuring Eigen3 include directory is part of orocos-kdl CMake target
-- Found ament_lint_auto: 0.12.9 (/opt/ros/humble/share/ament_lint_auto/cmake)
-- Found launch_testing_ament_cmake: 1.0.4 (/opt/ros/humble/share/launch_testing_ament_cmake/cmake)
-- Found python_cmake_module: 0.10.0 (/opt/ros/humble/share/python_cmake_module/cmake)
-- Using PYTHON_EXECUTABLE: /usr/bin/python3
-- Using PYTHON_INCLUDE_DIRS: /usr/include/python3.8
-- Using PYTHON_LIBRARIES: /usr/lib/aarch64-linux-gnu/libpython3.8.so
-- Added test 'copyright' to check source files copyright and LICENSE
-- Added test 'cppcheck' to perform static code analysis on C / C++ code
-- Configured cppcheck include dirs: /workspaces/isaac_ros-dev/src/isaac_ros_object_detection/isaac_ros_yolov8/include
-- Configured cppcheck exclude dirs and/or files: 
-- Added test 'cpplint' to check C / C++ code against the Google style
-- Configured cpplint exclude dirs and/or files: 
-- Added test 'flake8' to check Python code syntax and style conventions
-- Added test 'lint_cmake' to check CMake code style
-- Added test 'pep257' to check Python code against some of the docstring style conventions in PEP 257
-- Added test 'uncrustify' to check C / C++ code style
-- Configured uncrustify additional arguments: 
-- Added test 'xmllint' to check XML markup files
-- Configuring done
-- Generating done
-- Build files have been written to: /workspaces/isaac_ros-dev/src/isaac_ros_object_detection/isaac_ros_yolov8/build/isaac_ros_yolov8
[35m[1mConsolidate compiler generated dependencies of target yolov8_decoder_node[0m
[ 50%] [32mBuilding CXX object CMakeFiles/yolov8_decoder_node.dir/src/yolov8_decoder_node.cpp.o[0m
[ 50%] Built target ament_cmake_python_copy_isaac_ros_yolov8
In file included from [01m[K/workspaces/isaac_ros-dev/src/isaac_ros_object_detection/isaac_ros_yolov8/src/yolov8_decoder_node.cpp:18[m[K:
[01m[K/workspaces/isaac_ros-dev/src/isaac_ros_object_detection/isaac_ros_yolov8/include/isaac_ros_yolov8/yolov8_decoder_node.hpp:26:10:[m[K [01;31m[Kfatal error: [m[Kisaac_ros_managed_nitros/managed_nitros_subscriber.hpp: No such file or directory
   26 | #include [01;31m[K"isaac_ros_managed_nitros/managed_nitros_subscriber.hpp"[m[K
      |          [01;31m[K^~~~~~~~~~~~~~~~~~~~~~~~~~~~~~~~~~~~~~~~~~~~~~~~~~~~~~~~[m[K
compilation terminated.
make[2]: *** [CMakeFiles/yolov8_decoder_node.dir/build.make:76: CMakeFiles/yolov8_decoder_node.dir/src/yolov8_decoder_node.cpp.o] Error 1
make[1]: *** [CMakeFiles/Makefile2:140: CMakeFiles/yolov8_decoder_node.dir/all] Error 2
make[1]: *** Waiting for unfinished jobs....
running egg_info
writing isaac_ros_yolov8.egg-info/PKG-INFO
writing dependency_links to isaac_ros_yolov8.egg-info/dependency_links.txt
writing top-level names to isaac_ros_yolov8.egg-info/top_level.txt
reading manifest file 'isaac_ros_yolov8.egg-info/SOURCES.txt'
writing manifest file 'isaac_ros_yolov8.egg-info/SOURCES.txt'
[ 50%] Built target ament_cmake_python_build_isaac_ros_yolov8_egg
make: *** [Makefile:146: all] Error 2
