[0.511s] Invoking command in '/workspaces/isaac_ros-dev/src/isaac_ros_object_detection/isaac_ros_yolov8/build/isaac_ros_yolov8': CMAKE_PREFIX_PATH=${CMAKE_PREFIX_PATH}:/workspaces/isaac_ros-dev/src/install/isaac_ros_test:/opt/ros/humble /usr/bin/cmake --build /workspaces/isaac_ros-dev/src/isaac_ros_object_detection/isaac_ros_yolov8/build/isaac_ros_yolov8 -- -j6 -l6
[0.857s] -- Found ament_cmake_auto: 1.3.6 (/opt/ros/humble/share/ament_cmake_auto/cmake)
[1.773s] -- Found rclcpp: 16.0.7 (/opt/ros/humble/share/rclcpp/cmake)
[2.007s] -- Found rosidl_generator_c: 3.1.5 (/opt/ros/humble/share/rosidl_generator_c/cmake)
[2.015s] -- Found rosidl_adapter: 3.1.5 (/opt/ros/humble/share/rosidl_adapter/cmake)
[2.033s] -- Found rosidl_generator_cpp: 3.1.5 (/opt/ros/humble/share/rosidl_generator_cpp/cmake)
[2.065s] -- Using all available rosidl_typesupport_c: rosidl_typesupport_fastrtps_c;rosidl_typesupport_introspection_c
[2.107s] -- Using all available rosidl_typesupport_cpp: rosidl_typesupport_fastrtps_cpp;rosidl_typesupport_introspection_cpp
[2.387s] -- Found rmw_implementation_cmake: 6.1.1 (/opt/ros/humble/share/rmw_implementation_cmake/cmake)
[2.393s] -- Found rmw_fastrtps_cpp: 6.2.5 (/opt/ros/humble/share/rmw_fastrtps_cpp/cmake)
[3.322s] -- Using RMW implementation 'rmw_fastrtps_cpp' as default
[4.500s] -- Found sensor_msgs: 4.2.3 (/opt/ros/humble/share/sensor_msgs/cmake)
[5.025s] -- Found vision_msgs: 4.1.0 (/opt/ros/humble/share/vision_msgs/cmake)
[5.297s] -- Found cv_bridge: 3.2.1 (/opt/ros/humble/share/cv_bridge/cmake)
[5.772s] -- Loading isaac_ros_common extras
[5.772s] -- CMAKE_BUILD_TYPE: Release
[5.986s] -- Loading isaac_ros_common extras (modules)
[6.420s] -- Found eigen3_cmake_module: 0.1.1 (/opt/ros/humble/share/eigen3_cmake_module/cmake)
[6.423s] -- Ensuring Eigen3 include directory is part of orocos-kdl CMake target
[8.815s] -- Found ament_lint_auto: 0.12.9 (/opt/ros/humble/share/ament_lint_auto/cmake)
[9.016s] -- Found launch_testing_ament_cmake: 1.0.4 (/opt/ros/humble/share/launch_testing_ament_cmake/cmake)
[9.018s] -- Found python_cmake_module: 0.10.0 (/opt/ros/humble/share/python_cmake_module/cmake)
[9.245s] -- Using PYTHON_EXECUTABLE: /usr/bin/python3
[9.246s] -- Using PYTHON_INCLUDE_DIRS: /usr/include/python3.8
[9.246s] -- Using PYTHON_LIBRARIES: /usr/lib/aarch64-linux-gnu/libpython3.8.so
[9.271s] -- Added test 'copyright' to check source files copyright and LICENSE
[9.330s] -- Added test 'cppcheck' to perform static code analysis on C / C++ code
[9.330s] -- Configured cppcheck include dirs: /workspaces/isaac_ros-dev/src/isaac_ros_object_detection/isaac_ros_yolov8/include
[9.330s] -- Configured cppcheck exclude dirs and/or files: 
[9.506s] -- Added test 'cpplint' to check C / C++ code against the Google style
[9.507s] -- Configured cpplint exclude dirs and/or files: 
[9.650s] -- Added test 'flake8' to check Python code syntax and style conventions
[9.661s] -- Added test 'lint_cmake' to check CMake code style
[9.667s] -- Added test 'pep257' to check Python code against some of the docstring style conventions in PEP 257
[9.706s] -- Added test 'uncrustify' to check C / C++ code style
[9.706s] -- Configured uncrustify additional arguments: 
[9.848s] -- Added test 'xmllint' to check XML markup files
[9.859s] -- Configuring done
[10.211s] -- Generating done
[10.217s] -- Build files have been written to: /workspaces/isaac_ros-dev/src/isaac_ros_object_detection/isaac_ros_yolov8/build/isaac_ros_yolov8
[10.412s] [35m[1mConsolidate compiler generated dependencies of target yolov8_decoder_node[0m
[10.456s] [ 50%] [32mBuilding CXX object CMakeFiles/yolov8_decoder_node.dir/src/yolov8_decoder_node.cpp.o[0m
[10.586s] [ 50%] Built target ament_cmake_python_copy_isaac_ros_yolov8
[11.312s] In file included from [01m[K/workspaces/isaac_ros-dev/src/isaac_ros_object_detection/isaac_ros_yolov8/src/yolov8_decoder_node.cpp:18[m[K:
[11.313s] [01m[K/workspaces/isaac_ros-dev/src/isaac_ros_object_detection/isaac_ros_yolov8/include/isaac_ros_yolov8/yolov8_decoder_node.hpp:26:10:[m[K [01;31m[Kfatal error: [m[Kisaac_ros_managed_nitros/managed_nitros_subscriber.hpp: No such file or directory
[11.313s]    26 | #include [01;31m[K"isaac_ros_managed_nitros/managed_nitros_subscriber.hpp"[m[K
[11.313s]       |          [01;31m[K^~~~~~~~~~~~~~~~~~~~~~~~~~~~~~~~~~~~~~~~~~~~~~~~~~~~~~~~[m[K
[11.313s] compilation terminated.
[11.456s] make[2]: *** [CMakeFiles/yolov8_decoder_node.dir/build.make:76: CMakeFiles/yolov8_decoder_node.dir/src/yolov8_decoder_node.cpp.o] Error 1
[11.457s] make[1]: *** [CMakeFiles/Makefile2:140: CMakeFiles/yolov8_decoder_node.dir/all] Error 2
[11.457s] make[1]: *** Waiting for unfinished jobs....
[11.719s] running egg_info
[11.751s] writing isaac_ros_yolov8.egg-info/PKG-INFO
[11.752s] writing dependency_links to isaac_ros_yolov8.egg-info/dependency_links.txt
[11.753s] writing top-level names to isaac_ros_yolov8.egg-info/top_level.txt
[11.859s] reading manifest file 'isaac_ros_yolov8.egg-info/SOURCES.txt'
[11.892s] writing manifest file 'isaac_ros_yolov8.egg-info/SOURCES.txt'
[12.053s] [ 50%] Built target ament_cmake_python_build_isaac_ros_yolov8_egg
[12.054s] make: *** [Makefile:146: all] Error 2
[12.060s] Invoked command in '/workspaces/isaac_ros-dev/src/isaac_ros_object_detection/isaac_ros_yolov8/build/isaac_ros_yolov8' returned '2': CMAKE_PREFIX_PATH=${CMAKE_PREFIX_PATH}:/workspaces/isaac_ros-dev/src/install/isaac_ros_test:/opt/ros/humble /usr/bin/cmake --build /workspaces/isaac_ros-dev/src/isaac_ros_object_detection/isaac_ros_yolov8/build/isaac_ros_yolov8 -- -j6 -l6
