[  0%] Built target ament_cmake_python_copy_isaac_ros_yolov8
[ 50%] [32mBuilding CXX object CMakeFiles/yolov8_decoder_node.dir/src/yolov8_decoder_node.cpp.o[0m
running egg_info
In file included from [01m[K/workspaces/isaac_ros-dev/src/isaac_ros_object_detection/isaac_ros_yolov8/src/yolov8_decoder_node.cpp:18[m[K:
[01m[K/workspaces/isaac_ros-dev/src/isaac_ros_object_detection/isaac_ros_yolov8/include/isaac_ros_yolov8/yolov8_decoder_node.hpp:26:10:[m[K [01;31m[Kfatal error: [m[Kisaac_ros_managed_nitros/managed_nitros_subscriber.hpp: No such file or directory
   26 | #include [01;31m[K"isaac_ros_managed_nitros/managed_nitros_subscriber.hpp"[m[K
      |          [01;31m[K^~~~~~~~~~~~~~~~~~~~~~~~~~~~~~~~~~~~~~~~~~~~~~~~~~~~~~~~[m[K
compilation terminated.
writing isaac_ros_yolov8.egg-info/PKG-INFO
writing dependency_links to isaac_ros_yolov8.egg-info/dependency_links.txt
writing top-level names to isaac_ros_yolov8.egg-info/top_level.txt
reading manifest file 'isaac_ros_yolov8.egg-info/SOURCES.txt'
writing manifest file 'isaac_ros_yolov8.egg-info/SOURCES.txt'
make[2]: *** [CMakeFiles/yolov8_decoder_node.dir/build.make:76: CMakeFiles/yolov8_decoder_node.dir/src/yolov8_decoder_node.cpp.o] Error 1
make[1]: *** [CMakeFiles/Makefile2:140: CMakeFiles/yolov8_decoder_node.dir/all] Error 2
make[1]: *** Waiting for unfinished jobs....
[ 50%] Built target ament_cmake_python_build_isaac_ros_yolov8_egg
make: *** [Makefile:146: all] Error 2
